2021-06-26 09:39:40 Unhandled Promise Rejection detected: тип Unable to compile TypeScript:
src/db/entity/column.ts(1,61): error TS6133: 'JoinColumn' is declared but its value is never read.

2021-06-26 09:45:21 Unhandled Promise Rejection detected: column "boardId" of relation "Columns" does not exist
2021-06-26 10:00:39 Unhandled Promise Rejection detected: Connection terminated unexpectedly
2021-06-26 10:06:02 Unhandled Promise Rejection detected: could not open file "global/pg_filenode.map": No such file or directory
2021-06-26 10:09:32 Response status code: 404 
Response message: Not found
2021-06-26 10:09:32 Response status code: 404 
Response message: Not found
2021-06-26 10:09:32 Response status code: 404 
Response message: Not found
2021-06-26 10:09:32 Response status code: 404 
Response message: Not found
2021-06-26 10:09:32 Response status code: 404 
Response message: Not found
2021-06-26 10:09:33 Response status code: 404 
Response message: Not found
2021-06-26 10:09:34 Response status code: 404 
Response message: Not found
2021-06-26 10:15:23 Response status code: 404 
Response message: Not found
2021-06-26 10:15:24 Response status code: 404 
Response message: Not found
2021-06-26 10:15:24 Response status code: 404 
Response message: Not found
2021-06-26 10:15:24 Response status code: 404 
Response message: Not found
2021-06-26 10:15:24 Response status code: 404 
Response message: Not found
2021-06-26 10:15:24 Response status code: 404 
Response message: Not found
2021-06-26 10:15:27 Response status code: 404 
Response message: Not found
2021-06-26 10:16:01 Response status code: 404 
Response message: Not found
2021-06-26 10:16:02 Response status code: 404 
Response message: Not found
2021-06-26 10:16:02 Response status code: 404 
Response message: Not found
2021-06-26 10:16:02 Response status code: 404 
Response message: Not found
2021-06-26 10:16:02 Response status code: 404 
Response message: Not found
2021-06-26 10:16:05 Response status code: 404 
Response message: Not found
2021-06-26 10:16:23 Response status code: 404 
Response message: Not found
2021-06-26 10:16:24 Response status code: 404 
Response message: Not found
2021-06-26 10:16:24 Response status code: 404 
Response message: Not found
2021-06-26 10:16:24 Response status code: 404 
Response message: Not found
2021-06-26 10:16:24 Response status code: 404 
Response message: Not found
2021-06-26 10:16:27 Response status code: 404 
Response message: Not found
2021-06-26 10:18:08 Response status code: 404 
Response message: Not found
2021-06-26 10:18:09 Response status code: 404 
Response message: Not found
2021-06-26 10:18:09 Response status code: 404 
Response message: Not found
2021-06-26 10:18:09 Response status code: 404 
Response message: Not found
2021-06-26 10:18:09 Response status code: 404 
Response message: Not found
2021-06-26 10:18:09 Response status code: 404 
Response message: Not found
2021-06-26 10:18:12 Response status code: 404 
Response message: Not found
2021-06-26 11:58:02 Response status code: 404 
Response message: Board with id 213abcce-a26e-4a07-997f-30d16f4f9425 not found
2021-06-26 11:58:03 Response status code: 404 
Response message: No task with id 701d0e3e-0237-4921-81fe-b08d814066d2
2021-06-26 11:58:03 Response status code: 404 
Response message: No task with id 174215ba-a23d-4abe-b903-a498ced559db
2021-06-26 11:58:03 Response status code: 404 
Response message: No task with id 2a43ce88-39f7-435e-bb94-8f5b30c4fb2e
2021-06-26 11:58:03 Response status code: 404 
Response message: No task with id 57d15ec4-abc7-4e24-87e2-2e9aed64c67a
2021-06-26 11:58:03 Response status code: 404 
Response message: No task with id 6d896df6-1d59-4181-b177-46af2a9d0ef8
2021-06-26 11:58:08 Response status code: 404 
Response message: No task with id 36987070-fe86-40ef-9140-74204b48e3c0
2021-06-26 12:04:52 Response status code: 404 
Response message: Board with id efff922d-41e9-45ab-bb32-66bcbd46ef5f not found
2021-06-26 12:04:53 Response status code: 404 
Response message: No task with id 0f484c29-82b1-461d-805a-53a26cda020f
2021-06-26 12:04:53 Response status code: 404 
Response message: No task with id 31d5b8bc-cab7-406d-9da2-e0922c81f327
2021-06-26 12:04:53 Response status code: 404 
Response message: No task with id 8ee0766c-89af-494f-a4f4-4c41a51d438e
2021-06-26 12:04:53 Response status code: 404 
Response message: No task with id 2fc82e18-2c6d-4215-a6e4-abedf9ebe033
2021-06-26 12:04:53 Response status code: 404 
Response message: No task with id 277ab26e-4e25-4142-9493-2ae3557f327a
2021-06-26 12:04:55 Response status code: 404 
Response message: No task with id 2929fa73-272a-4db9-98fa-ab72c1a0ec83
2021-06-26 12:06:58 Response status code: 404 
Response message: Board with id f9696f26-b210-464f-927e-50dfc9baa227 not found
2021-06-26 12:06:59 Response status code: 404 
Response message: No task with id a36986f0-47c8-4685-bea4-c7cc38ece6a8
2021-06-26 12:06:59 Response status code: 404 
Response message: No task with id 7a69b5b0-e2b6-497e-b530-435aa216ffc8
2021-06-26 12:06:59 Response status code: 404 
Response message: No task with id 8cea6130-20c8-453d-b157-4da831c19184
2021-06-26 12:06:59 Response status code: 404 
Response message: No task with id 260a9421-0d46-47ee-83f7-31b848519268
2021-06-26 12:06:59 Response status code: 404 
Response message: No task with id e29dd14b-61e3-445f-ab09-3b1a8b396acf
2021-06-26 12:07:01 Response status code: 404 
Response message: No task with id 469d86d3-8fd9-417d-ad31-0a6c11fd411e
2021-06-26 12:09:05 Response status code: 404 
Response message: Board with id ba0eb60a-5a8e-4184-9638-b47c54dc45e2 not found
2021-06-26 12:09:06 Response status code: 404 
Response message: No task with id 40af51d5-487d-44a2-9948-fd85a9cd79a3
2021-06-26 12:09:06 Response status code: 404 
Response message: No task with id 602134b2-6262-45cc-b7f0-d3893e72e00e
2021-06-26 12:09:06 Response status code: 404 
Response message: No task with id 0c8c2b7a-c6da-42d9-ba6a-5e3d2f639424
2021-06-26 12:09:06 Response status code: 404 
Response message: No task with id fb1e8146-4f78-4ec7-953e-d9d53c35af75
2021-06-26 12:09:07 Response status code: 404 
Response message: No task with id e4297d53-9aa3-4d31-809b-7054524e5faf
2021-06-26 12:09:09 Response status code: 404 
Response message: No task with id aeae8970-f690-4e79-b7a1-47db0589710e
2021-06-26 12:10:36 Response status code: 404 
Response message: Board with id 38e885cc-f883-4870-bade-2ac8ba2dddde not found
2021-06-26 12:10:37 Response status code: 404 
Response message: No task with id 3c9068c3-786d-4664-a783-6472155be2cf
2021-06-26 12:10:37 Response status code: 404 
Response message: No task with id 5f234a9b-b487-4314-9b0c-10aecb3bd1b0
2021-06-26 12:10:37 Response status code: 404 
Response message: No task with id e84fd44e-3609-4c08-b2b1-4c56126c5138
2021-06-26 12:10:37 Response status code: 404 
Response message: No task with id 4052fdb1-062a-4478-aaef-2fd67c50532d
2021-06-26 12:10:37 Response status code: 404 
Response message: No task with id 69092d18-0852-42f8-94a3-d8c8f910f7f4
2021-06-26 12:10:40 Response status code: 404 
Response message: No task with id ed1fd9d8-03aa-4630-8c7f-268564795306
2021-06-26 12:11:39 Response status code: 404 
Response message: Board with id 4309e298-886b-4076-ac62-eb3d54419c17 not found
2021-06-26 12:11:40 Response status code: 404 
Response message: No task with id 8b604a12-7349-46a4-b194-ddd45c9641b8
2021-06-26 12:11:40 Response status code: 404 
Response message: No task with id 9042a702-fb4d-4260-9aa6-df282c8a2309
2021-06-26 12:11:40 Response status code: 404 
Response message: No task with id 0bf87910-48c0-4dc5-8587-160ddacb011a
2021-06-26 12:11:40 Response status code: 404 
Response message: No task with id 3b30f83d-7a64-4a62-8310-cdc952e428b6
2021-06-26 12:11:40 Response status code: 404 
Response message: No task with id e1aefee3-660c-4d59-a10e-31ba92e1d3bd
2021-06-26 12:11:43 Response status code: 404 
Response message: No task with id b4929248-c168-41f9-8eb3-3b870c124742
2021-06-26 12:38:28 Response status code: 404 
Response message: Board with id 6c574f05-f333-4117-b8cf-0a19535a5bd9 not found
2021-06-26 12:38:28 Response status code: 404 
Response message: No task with id 4dc94a8d-e7e0-40f5-b05e-e64da82f97f4
2021-06-26 12:38:28 Response status code: 404 
Response message: No task with id e7f7c60e-df01-4b64-9374-b89766931879
2021-06-26 12:38:28 Response status code: 404 
Response message: No task with id 2b64e491-755e-4586-ad25-6124818472d1
2021-06-26 12:38:28 Response status code: 404 
Response message: No task with id 9429e384-39bd-4813-bca3-60a1408758ad
2021-06-26 12:38:28 Response status code: 404 
Response message: No task with id e7a87a4b-7b26-49c5-ac32-0aae3dd64c0f
2021-06-26 12:38:31 Response status code: 404 
Response message: No task with id 61ee4a63-0702-4adb-ba70-dfda14487db4
2021-06-26 12:47:26 Response status code: 404 
Response message: Board with id 2381f75f-89a9-4868-aeab-a47e1dfa3bbc not found
2021-06-26 12:47:27 Response status code: 404 
Response message: No task with id d1600e8a-56e8-4b8c-80ba-4b5c5a3c0e80
2021-06-26 12:47:27 Response status code: 404 
Response message: No task with id c68d6fdd-6dfe-4e03-97dc-b3689bf9a77b
2021-06-26 12:47:27 Response status code: 404 
Response message: No task with id e2edb379-2d9e-4b86-bf1f-fa3f5975654b
2021-06-26 12:47:27 Response status code: 404 
Response message: No task with id d287adaa-d921-420a-81d4-1ef3bfe50d2a
2021-06-26 12:47:27 Response status code: 404 
Response message: No task with id 20c42a76-cfbb-491f-8cd4-b0ef92efbd04
2021-06-26 12:47:32 Response status code: 404 
Response message: No task with id 9a8a881e-136b-4ac5-ac81-c932d0bf30a6
2021-06-26 12:50:01 Response status code: 500 
Response message: invalid input syntax for type uuid: "undefined"
2021-06-26 12:50:02 Response status code: 500 
Response message: invalid input syntax for type uuid: "undefined"
2021-06-26 12:50:02 Response status code: 500 
Response message: invalid input syntax for type uuid: "undefined"
2021-06-26 12:50:04 Response status code: 500 
Response message: invalid input syntax for type uuid: "undefined"
2021-06-26 12:50:05 Response status code: 404 
Response message: No task with id 0672b5f7-c527-4a27-852c-74aff38270ff
2021-06-26 12:50:05 Response status code: 500 
Response message: invalid input syntax for type uuid: "undefined"
2021-06-26 12:51:56 Response status code: 404 
Response message: Board with id 5cd73afd-0a42-4af4-a778-511f7652990f not found
2021-06-26 12:51:56 Response status code: 404 
Response message: No task with id cb71750e-19a7-47fc-9b6d-80d962c0b9fa
2021-06-26 12:51:56 Response status code: 404 
Response message: No task with id 2f00985c-68a8-490f-80e7-80ef5f32932d
2021-06-26 12:51:56 Response status code: 404 
Response message: No task with id d4e98802-576e-4f2c-93a6-5b8ee674a08e
2021-06-26 12:51:56 Response status code: 404 
Response message: No task with id 2dc7aca2-26e3-40e3-975e-4e6351030ed9
2021-06-26 12:51:56 Response status code: 404 
Response message: No task with id 3120f583-dd7f-49b8-9f11-dffa4fc6d3fa
2021-06-26 12:51:59 Response status code: 404 
Response message: No task with id b38b339c-f24e-4509-b989-c722f84c96f5
2021-06-26 13:16:30 Response status code: 404 
Response message: Board with id 8680d804-4ad2-47cc-9ce7-ccf451290ead not found
2021-06-26 13:16:31 Response status code: 404 
Response message: No task with id 257fc3d9-b4b8-4676-bce7-f1cbb87b63bc
2021-06-26 13:16:31 Response status code: 404 
Response message: No task with id a5c1c078-4719-49e8-8ea4-434c9d402602
2021-06-26 13:16:31 Response status code: 404 
Response message: No task with id efd9ba09-d7b6-4514-99ff-ea69fce0e91f
2021-06-26 13:16:31 Response status code: 404 
Response message: No task with id c8d6a6f9-5de1-465d-af13-c6de7f189cb5
2021-06-26 13:16:31 Response status code: 404 
Response message: No task with id ed8448f0-c94c-4653-ab8c-ddef8095d93f
2021-06-26 13:16:34 Response status code: 404 
Response message: No task with id 06e81fd4-fd73-45e2-9a25-f02b2e54ea3c
2021-06-26 13:27:04 Response status code: 404 
Response message: Board with id aeaec5f7-dd83-45f4-834e-2595b77cfb12 not found
2021-06-26 13:27:05 Response status code: 404 
Response message: No task with id 44a3a67e-ad14-4c33-b878-e16ef49305b4
2021-06-26 13:27:05 Response status code: 404 
Response message: No task with id a5f1c628-b2b8-42d0-a71d-3c0dff9b58eb
2021-06-26 13:27:05 Response status code: 404 
Response message: No task with id 99d29fd8-fdaa-4d93-970c-08eaa1462c36
2021-06-26 13:27:05 Response status code: 404 
Response message: No task with id 0207d698-7d95-4a48-a0d4-f23a1ae2fccc
2021-06-26 13:27:05 Response status code: 404 
Response message: No task with id 25d0044e-bfd2-4eb6-87aa-98b4270468f2
2021-06-26 13:27:08 Response status code: 404 
Response message: No task with id 48bdf4f0-403b-4689-8c36-eca837fcc88d
2021-06-26 13:28:27 Response status code: 404 
Response message: Board with id 420f1124-b074-4635-9d40-2640a86cb3c5 not found
2021-06-26 13:28:28 Response status code: 404 
Response message: No task with id b3a1b13e-3baf-4ed5-beb5-e6955ce81955
2021-06-26 13:28:28 Response status code: 404 
Response message: No task with id f70eae61-d240-4740-8de0-07fa469269c4
2021-06-26 13:28:28 Response status code: 404 
Response message: No task with id 7a29fbbe-1611-4fa8-bac7-1620d29cb572
2021-06-26 13:28:28 Response status code: 404 
Response message: No task with id c25dd21a-ca02-4d39-be9e-69a4ac267c44
2021-06-26 13:28:29 Response status code: 404 
Response message: No task with id 7b2ce3a1-d470-44e0-bad8-ab00b65c64d7
2021-06-26 13:28:32 Response status code: 404 
Response message: No task with id baa39e52-51ab-4666-83b4-c786860fe04b
2021-06-26 13:31:05 Response status code: 404 
Response message: Board with id 9396db6d-3d31-4b60-88b3-33c897c06180 not found
2021-06-26 13:31:06 Response status code: 404 
Response message: No task with id 461ff963-7eca-4197-ae7a-bf1ca357f3a9
2021-06-26 13:31:06 Response status code: 404 
Response message: No task with id acf098eb-47bc-4dfe-a421-3ac9dbafb760
2021-06-26 13:31:06 Response status code: 404 
Response message: No task with id 8f0dfbe0-9383-46ba-bc18-d1dc287e4cc5
2021-06-26 13:31:06 Response status code: 404 
Response message: No task with id 853e02f0-ebd1-4ae3-9cb3-2bda6e30c09b
2021-06-26 13:31:06 Response status code: 404 
Response message: No task with id 2b80f53f-b6be-4ac8-b9bd-9dd4399e579c
2021-06-26 13:31:08 Response status code: 404 
Response message: No task with id 143180af-6dd1-4a1c-b148-af36a6f93d51
2021-06-26 13:32:40 Response status code: 404 
Response message: Board with id b7d3efc3-4847-4aa9-bbd8-6a598502d334 not found
2021-06-26 13:32:42 Response status code: 404 
Response message: No task with id 07b7c7cc-0b8d-4cc0-925d-78c8918cf513
2021-06-26 13:32:42 Response status code: 404 
Response message: No task with id b410af68-a755-42db-8a41-81a178b2c11d
2021-06-26 13:32:42 Response status code: 404 
Response message: No task with id 60f0b33f-cfe8-4c39-b351-e4d7df2b8a9a
2021-06-26 13:32:42 Response status code: 404 
Response message: No task with id 0c7c45e5-a905-44f1-b8cb-d956be0a80c2
2021-06-26 13:32:42 Response status code: 404 
Response message: No task with id 0093d1f6-4d10-49e0-8ef3-a032f4e06472
2021-06-26 13:32:48 Response status code: 404 
Response message: No task with id 4559dbaf-6fc1-4163-bfa8-e0d9c37e638f
2021-06-26 13:35:23 Response status code: 404 
Response message: Board with id 56f09ae5-4d0a-4c8f-aeb9-2b223e63e7d3 not found
2021-06-26 13:35:24 Response status code: 404 
Response message: No task with id b018b9c3-53e4-42e5-987d-84b83a010517
2021-06-26 13:35:24 Response status code: 404 
Response message: No task with id 50fc1e20-12e3-4b16-8cdc-7e8a9c62e649
2021-06-26 13:35:25 Response status code: 404 
Response message: No task with id c050c315-b309-409b-baf8-0ac82a3b7afc
2021-06-26 13:35:25 Response status code: 404 
Response message: No task with id 48961280-eef4-4a4a-8619-a8f564610750
2021-06-26 13:35:25 Response status code: 404 
Response message: No task with id 0d98500d-caaf-4363-adfb-617308324455
2021-06-26 13:35:28 Response status code: 404 
Response message: No task with id def67627-7cf9-46b3-80f9-e010c09b8582
2021-06-26 13:43:03 Unhandled Promise Rejection detected: Relation BoardColumn#board and Board#columns both has cascade remove set. This may lead to unexpected circular removals. Please set cascade remove only from one side of relationship.
2021-06-26 13:44:16 Unhandled Promise Rejection detected: Circular eager relations are disallowed. BoardColumn#board contains "eager: true", and its inverse side Board#columns contains "eager: true" as well. Remove "eager: true" from one side of the relation.
2021-06-26 13:45:48 Response status code: 500 
Response message: No entity column "columns" was found.
2021-06-26 13:45:49 Response status code: 404 
Response message: Board with id 2bac0404-3667-469d-b87b-93dbac74f657 not found
2021-06-26 13:45:50 Response status code: 404 
Response message: No task with id 624dfbc9-d2e9-4c4f-ad7a-087c684f7624
2021-06-26 13:45:50 Response status code: 404 
Response message: No task with id 0e8c56f6-1e7f-42ac-a06d-d55cc3a166d7
2021-06-26 13:45:50 Response status code: 404 
Response message: No task with id fa268816-e5de-47d0-8d74-1c6b7db11498
2021-06-26 13:45:50 Response status code: 404 
Response message: No task with id de4d311d-7364-4f55-949f-31ea97225418
2021-06-26 13:45:53 Response status code: 404 
Response message: No task with id 6c37db13-91da-4139-ace2-89682a98d38e
2021-06-26 13:47:45 Response status code: 500 
Response message: No entity column "columns" was found.
2021-06-26 13:47:45 Response status code: 404 
Response message: Board with id c51ce1df-9715-40bc-8cb3-59fa927d6e82 not found
2021-06-26 13:47:46 Response status code: 404 
Response message: No task with id 3339b75c-999d-4521-a93a-130d5a2a0666
2021-06-26 13:47:46 Response status code: 404 
Response message: No task with id 0902312f-c3dc-4f77-9ebe-eb3f6d5f842e
2021-06-26 13:47:46 Response status code: 404 
Response message: No task with id 02929a6f-06a7-4ffc-9d9f-9a2e631e7fe9
2021-06-26 13:47:46 Response status code: 404 
Response message: No task with id 6734d8e4-572a-418b-a4b3-565783cb5a39
2021-06-26 13:47:49 Response status code: 404 
Response message: No task with id 95247620-706c-4090-b90b-b8f420507c09
2021-06-26 13:50:37 Response status code: 500 
Response message: No entity column "columns" was found.
2021-06-26 13:50:38 Response status code: 404 
Response message: Board with id 2de11614-3960-4a74-a31f-d86bb99d982b not found
2021-06-26 13:50:39 Response status code: 404 
Response message: No task with id edde7780-90a9-4bea-8517-6401e8eab11c
2021-06-26 13:50:39 Response status code: 404 
Response message: No task with id c556628a-fd4b-41d7-a9c2-2a9c6411e4d6
2021-06-26 13:50:39 Response status code: 404 
Response message: No task with id cedad7eb-12a3-4730-bdff-6a200376d08a
2021-06-26 13:50:39 Response status code: 404 
Response message: No task with id 3ba37322-b263-446f-a5c9-937008381c4a
2021-06-26 13:50:39 Response status code: 404 
Response message: No task with id d3dfd1c4-deb9-4d07-8374-0975855ae91d
2021-06-26 13:50:45 Response status code: 404 
Response message: No task with id 34face86-134d-4785-a457-e7144d263f4c
2021-06-26 13:52:27 Response status code: 500 
Response message: No entity column "columns" was found.
2021-06-26 13:55:54 Response status code: 500 
Response message: No entity column "columns" was found.
2021-06-26 13:55:54 Response status code: 404 
Response message: Board with id afbaf4fc-c5cf-4c30-9551-2ef2a9adecd6 not found
2021-06-26 13:55:55 Response status code: 404 
Response message: No task with id ee88c374-e5a7-44fc-81c6-b98def7af99b
2021-06-26 13:55:55 Response status code: 404 
Response message: No task with id 9455bf2d-bdb5-4ec0-b4df-ffbcdb4772ab
2021-06-26 13:55:55 Response status code: 404 
Response message: No task with id 0bb5ae6d-f535-4a42-8f65-20567ab3a486
2021-06-26 13:55:55 Response status code: 404 
Response message: No task with id d3b06276-3b4f-48f3-8785-caf09dfe0d9c
2021-06-26 13:55:55 Response status code: 404 
Response message: No task with id e67a5950-47b3-4e04-a869-9573c114a146
2021-06-26 13:55:59 Response status code: 404 
Response message: No task with id 7ed0dddd-5fcb-4e74-bbb0-cb72d9ad7e7c
2021-06-26 14:00:44 Response status code: 500 
Response message: No entity column "columns" was found.
2021-06-26 14:00:44 Response status code: 404 
Response message: Board with id 99ef5ab1-ffba-4df3-8be7-64c445d99746 not found
2021-06-26 14:00:45 Response status code: 404 
Response message: No task with id 9528d589-1172-40e7-aa10-d322d60e3b90
2021-06-26 14:00:45 Response status code: 404 
Response message: No task with id be5a37a7-2562-452a-b3fe-8734182b13da
2021-06-26 14:00:45 Response status code: 404 
Response message: No task with id ae231b98-73e1-4a77-a961-3df1625cdb5f
2021-06-26 14:00:45 Response status code: 404 
Response message: No task with id 0279833f-6d58-4d3c-9ba5-bb3a977d61de
2021-06-26 14:00:45 Response status code: 404 
Response message: No task with id b47b39b4-f1ea-4cb9-92e5-fcd5e0c8a1e1
2021-06-26 14:00:48 Response status code: 404 
Response message: No task with id 5f6e4ab8-6cd8-4e6a-9d28-9302eeff4365
2021-06-26 14:03:13 Response status code: 500 
Response message: No entity column "columns" was found.
2021-06-26 14:03:13 Response status code: 404 
Response message: Board with id ee43bb4d-c1ec-489a-8ff6-2ed82cf1c1e6 not found
2021-06-26 14:03:14 Response status code: 404 
Response message: No task with id cd9adb0d-ec34-4f10-96d6-827e4afa3f01
2021-06-26 14:03:14 Response status code: 404 
Response message: No task with id 8c14ac81-bd5c-47c2-b89b-7b3a949ec69d
2021-06-26 14:03:14 Response status code: 404 
Response message: No task with id 84bd16f6-be29-45e6-bad5-10e2dda84579
2021-06-26 14:03:14 Response status code: 404 
Response message: No task with id 6ab47e8b-1417-4314-92d1-f932f900b297
2021-06-26 14:03:14 Response status code: 404 
Response message: No task with id 2c1ac2a7-c5b2-4235-a80f-f6147d8056da
2021-06-26 14:03:16 Response status code: 404 
Response message: No task with id 9bc6b1bc-0bdf-4740-b64b-964175e35444
2021-06-26 14:06:27 Response status code: 404 
Response message: Board with id undefined not found
2021-06-26 14:06:27 Response status code: 404 
Response message: Board with id undefined not found
2021-06-26 14:06:27 Response status code: 404 
Response message: Board with id undefined not found
2021-06-26 14:06:27 Response status code: 500 
Response message: invalid input syntax for type uuid: "undefined"
2021-06-26 14:06:27 Response status code: 404 
Response message: Board with id undefined not found
2021-06-26 14:06:27 Response status code: 404 
Response message: Board with id undefined not found
2021-06-26 14:06:27 Response status code: 500 
Response message: invalid input syntax for type uuid: "undefined"
2021-06-26 14:06:28 Response status code: 404 
Response message: Board with id undefined not found
2021-06-26 14:06:29 Response status code: 404 
Response message: Board with id undefined not found
2021-06-26 14:06:29 Response status code: 404 
Response message: No task with id e86960e1-8a60-42d2-baff-5416b3b3236c
2021-06-26 14:06:29 Response status code: 500 
Response message: invalid input syntax for type uuid: "undefined"
2021-06-26 14:07:51 Response status code: 404 
Response message: Board with id undefined not found
2021-06-26 14:09:07 Response status code: 404 
Response message: Board with id undefined not found
2021-06-26 14:14:47 Response status code: 500 
Response message: No entity column "columns" was found.
2021-06-26 14:14:47 Response status code: 404 
Response message: Board with id 6c53e3d9-51a4-4f69-9d93-4318d71a124b not found
2021-06-26 14:14:48 Response status code: 404 
Response message: No task with id e3dc29e5-e885-4d55-aa9f-9c562b482ed0
2021-06-26 14:14:48 Response status code: 404 
Response message: No task with id 9428339d-8978-41fe-bf75-f362816fc0d3
2021-06-26 14:14:48 Response status code: 404 
Response message: No task with id 705a4bf6-a728-4f70-ac04-d461562cc7db
2021-06-26 14:14:48 Response status code: 404 
Response message: No task with id 26d7a025-d880-4cb1-a2bc-51b7dbe67860
2021-06-26 14:14:48 Response status code: 404 
Response message: No task with id 480305c7-3f3b-401f-9f63-78833e6eee72
2021-06-26 14:14:51 Response status code: 404 
Response message: No task with id ae5bce7c-a4d7-4fc8-9419-c3362d691bb2
2021-06-26 14:15:29 Response status code: 500 
Response message: No entity column "columns" was found.
2021-06-26 14:27:53 Unhandled Promise Rejection detected: Connection terminated unexpectedly
2021-06-26 14:40:01 Response status code: 500 
Response message: No entity column "columns" was found.
2021-06-26 14:40:02 Response status code: 404 
Response message: Board with id 4d338c7d-a716-4d55-a4a5-84f686a4fdea not found
2021-06-26 14:40:04 Response status code: 404 
Response message: No task with id cf5dab74-803d-4120-8802-2aa9127880cf
2021-06-26 14:40:04 Response status code: 404 
Response message: No task with id 1d664e54-9e94-4ade-b742-1a2ab74637f4
2021-06-26 14:40:04 Response status code: 404 
Response message: No task with id 5a1e485c-6898-47b4-8cd9-900d7e3b6023
2021-06-26 14:40:04 Response status code: 404 
Response message: No task with id 28d8542f-9a19-4a54-b883-8a146d938a99
2021-06-26 14:40:04 Response status code: 404 
Response message: No task with id 666fcc9d-6f21-4994-b185-12bf147ec681
2021-06-26 14:40:10 Response status code: 404 
Response message: No task with id a7ef7efe-9e67-4aaa-b44f-0d6700ec1ceb
2021-06-26 14:47:08 Response status code: 500 
Response message: No entity column "columns" was found.
2021-06-26 14:47:08 Response status code: 404 
Response message: Board with id 5cd97aec-805a-4b6f-bb1e-e6d671772eed not found
2021-06-26 14:47:10 Response status code: 404 
Response message: No task with id 8c1290f8-8bd2-4b16-9c01-31e68ff46706
2021-06-26 14:47:10 Response status code: 404 
Response message: No task with id 263112be-b0c6-4a74-8658-00e7aa577913
2021-06-26 14:47:10 Response status code: 404 
Response message: No task with id a941a9e6-4954-4a70-8dd2-9851e08b2b56
2021-06-26 14:47:10 Response status code: 404 
Response message: No task with id 0cff2d76-1573-407d-a478-50651cca5ae7
2021-06-26 14:47:10 Response status code: 404 
Response message: No task with id 6e195118-bc65-48b3-bab7-1d100d1c6afe
2021-06-26 14:47:11 Response status code: 404 
Response message: No task with id b6616ec8-2ec3-4777-bcaa-23c210138f5e
2021-06-26 14:47:45 Response status code: 500 
Response message: No entity column "columns" was found.
2021-06-26 14:51:18 Response status code: 500 
Response message: No entity column "columns" was found.
2021-06-26 14:51:54 Response status code: 500 
Response message: No entity column "columns" was found.
2021-06-26 14:53:00 Response status code: 500 
Response message: No entity column "columns" was found.
2021-06-26 14:55:43 Response status code: 404 
Response message: Board with id 26be76d6-4bae-4b4e-ac8d-77e028bd7b74 not found
2021-06-26 14:55:45 Response status code: 404 
Response message: No task with id 8805f56f-d593-476f-9d94-d60d53db2c65
2021-06-26 14:55:45 Response status code: 404 
Response message: No task with id 1a69330d-fcd3-4a34-8eb2-f12583ac89f4
2021-06-26 14:55:45 Response status code: 404 
Response message: No task with id fae6ce8c-20a9-45a7-ae06-1e80be761f18
2021-06-26 14:55:45 Response status code: 404 
Response message: No task with id 0e6d5d7a-52ce-45f0-a8dd-e96649a83c09
2021-06-26 14:55:45 Response status code: 404 
Response message: No task with id e4e48d25-c8d7-47c6-a9af-92f374dfb0cb
2021-06-26 14:55:48 Response status code: 404 
Response message: No task with id 52180fd9-a573-4d08-9a32-1c8134439adc
2021-06-26 15:03:55 Response status code: 404 
Response message: Board with id 4e2211ed-ab21-44c5-91ed-5667997529c1 not found
2021-06-26 15:03:56 Response status code: 404 
Response message: No task with id 1cd85e69-3260-4a05-a80f-452d4a9a171f
2021-06-26 15:03:56 Response status code: 404 
Response message: No task with id 89f6f65d-fb95-47ed-ba8d-ab4952cc8927
2021-06-26 15:03:56 Response status code: 404 
Response message: No task with id 31d069e1-08a0-47db-8b2a-139251bd2217
2021-06-26 15:03:56 Response status code: 404 
Response message: No task with id f6e190fd-1173-4be0-ab58-155ec94cd345
2021-06-26 15:03:56 Response status code: 404 
Response message: No task with id e2d77e5e-48e6-44a3-b545-fbbee840c8ec
2021-06-26 15:03:59 Response status code: 404 
Response message: No task with id bc7fa623-99d2-44fb-9f95-cd2d5f3dc079
2021-06-26 15:09:43 Response status code: 500 
Response message: update or delete on table "Boards" violates foreign key constraint "FK_c6e5f70d152837a96b578a5a14b" on table "Columns"
2021-06-26 15:09:43 Response status code: 500 
Response message: update or delete on table "Boards" violates foreign key constraint "FK_c6e5f70d152837a96b578a5a14b" on table "Columns"
2021-06-26 15:09:44 Response status code: 500 
Response message: update or delete on table "Boards" violates foreign key constraint "FK_c6e5f70d152837a96b578a5a14b" on table "Columns"
2021-06-26 15:09:45 Response status code: 500 
Response message: update or delete on table "Boards" violates foreign key constraint "FK_c6e5f70d152837a96b578a5a14b" on table "Columns"
2021-06-26 15:09:46 Response status code: 404 
Response message: No task with id 694c167c-d949-4880-ad97-747c12f024e0
2021-06-26 15:09:46 Response status code: 500 
Response message: update or delete on table "Boards" violates foreign key constraint "FK_c6e5f70d152837a96b578a5a14b" on table "Columns"
2021-06-26 15:24:39 Unhandled Promise Rejection detected: No entity column "boatdId" was found.
2021-06-26 15:25:21 Response status code: 404 
Response message: Board with id 93b80b5b-30e2-4604-849e-655d8b8c8530 not found
2021-06-26 15:25:22 Response status code: 500 
Response message: update or delete on table "Boards" violates foreign key constraint "FK_c6e5f70d152837a96b578a5a14b" on table "Columns"
2021-06-26 15:25:25 Response status code: 404 
Response message: No task with id 12cd3400-e1aa-479b-b2ed-a7093007ccdb
2021-06-26 15:44:10 Response status code: 404 
Response message: Board with id 40254119-a368-4924-93ac-63c2a38889c0 not found
2021-06-26 15:44:11 Response status code: 404 
Response message: No task with id f575a142-b3cd-4d22-a97e-dad6f717aa32
2021-06-26 15:44:11 Response status code: 404 
Response message: No task with id 767de21c-faf2-4f03-8647-9d7c9f73d26f
2021-06-26 15:44:11 Response status code: 404 
Response message: No task with id d4e2eb57-db31-4f20-b4dc-f9bc32a56243
2021-06-26 15:44:11 Response status code: 404 
Response message: No task with id 0d440df9-ef6b-4bd1-b1c0-d3c37634a212
2021-06-26 15:44:11 Response status code: 404 
Response message: No task with id c756db51-b0dc-4932-ae8c-a3602d5a977f
2021-06-26 15:44:14 Response status code: 404 
Response message: No task with id 634c63e4-70d5-4f46-97ed-40a7dc389bcc
2021-06-26 15:44:57 Response status code: 404 
Response message: Board with id 3e7288e0-772e-4d3f-99c0-4a27a1a87a7b not found
2021-06-26 15:44:58 Response status code: 404 
Response message: No task with id 60d24857-e527-427f-9fbb-513828bb7c3b
2021-06-26 15:44:58 Response status code: 404 
Response message: No task with id 084a3887-515f-424f-87d8-a91ca5a77889
2021-06-26 15:44:58 Response status code: 404 
Response message: No task with id f899f7a3-646c-4db2-a853-688fca034989
2021-06-26 15:44:58 Response status code: 404 
Response message: No task with id 4ccb6613-837d-41aa-b92d-0cc6976b27be
2021-06-26 15:44:58 Response status code: 404 
Response message: No task with id 69c38f3e-1f79-4378-8827-6ed65d68be92
2021-06-26 15:44:58 Response status code: 500 
Response message: update or delete on table "Boards" violates foreign key constraint "FK_c6e5f70d152837a96b578a5a14b" on table "Columns"
2021-06-26 15:45:01 Response status code: 404 
Response message: No task with id c040b5d9-6d50-4a4c-861a-1847f2fba4ab
